<?xml version="1.0" encoding="UTF-8"?>
<!-- Generated by org.testng.reporters.JUnitReportReporter -->
<testsuite hostname="charvi-PC" name="TestScripts.Login" tests="6" failures="0" timestamp="24 Jan 2016 11:38:08 GMT" time="153.770" errors="0">
  <testcase name="invalidLogin" time="17.070" classname="TestScripts.Login"/>
  <testcase name="invalidLogin" time="17.268" classname="TestScripts.Login"/>
  <testcase name="invalidLogin" time="74.645" classname="TestScripts.Login"/>
  <testcase name="invalidLogin" time="15.274" classname="TestScripts.Login"/>
  <testcase name="invalidLogin" time="15.255" classname="TestScripts.Login"/>
  <testcase name="invalidLogin" time="14.258" classname="TestScripts.Login"/>
</testsuite> <!-- TestScripts.Login -->
