<?xml version="1.0" encoding="UTF-8"?>
<!-- Generated by org.testng.reporters.JUnitReportReporter -->
<testsuite hostname="rpr-MOBL" name="TestScripts.POMBMIDriver" tests="4" failures="0" timestamp="10 Jan 2016 12:30:20 GMT" time="109.339" errors="0">
  <testcase name="computeBMI" time="27.425" classname="TestScripts.POMBMIDriver"/>
  <testcase name="computeBMI" time="30.632" classname="TestScripts.POMBMIDriver"/>
  <testcase name="computeBMI" time="23.333" classname="TestScripts.POMBMIDriver"/>
  <testcase name="computeBMI" time="27.949" classname="TestScripts.POMBMIDriver"/>
</testsuite> <!-- TestScripts.POMBMIDriver -->
