<?xml version="1.0" encoding="UTF-8"?>
<!-- Generated by org.testng.reporters.JUnitReportReporter -->
<testsuite hostname="rpr-MOBL" name="TestScripts.BMIDriver" tests="4" failures="0" timestamp="9 Jan 2016 13:53:30 GMT" time="125.099" errors="0">
  <testcase name="CalcBMI" time="26.932" classname="TestScripts.BMIDriver"/>
  <testcase name="CalcBMI" time="32.161" classname="TestScripts.BMIDriver"/>
  <testcase name="CalcBMI" time="41.061" classname="TestScripts.BMIDriver"/>
  <testcase name="CalcBMI" time="24.945" classname="TestScripts.BMIDriver"/>
</testsuite> <!-- TestScripts.BMIDriver -->
