<?xml version="1.0" encoding="UTF-8"?>
<!-- Generated by org.testng.reporters.JUnitReportReporter -->
<testsuite hostname="rpr-MOBL" name="TestScripts.ShoppingCart" tests="2" failures="0" timestamp="21 Jan 2016 12:45:06 GMT" time="38.097" errors="0">
  <testcase name="update" time="19.482" classname="TestScripts.ShoppingCart"/>
  <testcase name="update" time="18.615" classname="TestScripts.ShoppingCart"/>
</testsuite> <!-- TestScripts.ShoppingCart -->
