<?xml version="1.0" encoding="UTF-8"?>
<!-- Generated by org.testng.reporters.JUnitReportReporter -->
<testsuite hostname="rpr-MOBL" name="TestScripts.Login" tests="6" failures="0" timestamp="24 Jan 2016 05:34:21 GMT" time="98.547" errors="0">
  <testcase name="invalidLogin" time="11.040" classname="TestScripts.Login"/>
  <testcase name="invalidLogin" time="18.826" classname="TestScripts.Login"/>
  <testcase name="invalidLogin" time="19.763" classname="TestScripts.Login"/>
  <testcase name="invalidLogin" time="11.651" classname="TestScripts.Login"/>
  <testcase name="invalidLogin" time="25.096" classname="TestScripts.Login"/>
  <testcase name="invalidLogin" time="12.171" classname="TestScripts.Login"/>
</testsuite> <!-- TestScripts.Login -->
